<?xml version="1.0" encoding="UTF-8"?>
<beans xmlns="http://www.springframework.org/schema/beans"
    xmlns:xsi="http://www.w3.org/2001/XMLSchema-instance"
    xsi:schemaLocation="http://www.springframework.org/schema/beans http://www.springframework.org/schema/beans/spring-beans-3.0.xsd">

	<bean id="certManager" class="no.systema.jservices.tvinn.expressfortolling.jwt.CertManager"/>
	<bean id="difiJwtCreator" class="no.systema.jservices.tvinn.expressfortolling.jwt.DifiJwtCreator"/>
	<bean id="apiClient" class="no.systema.jservices.tvinn.expressfortolling.api.ApiClient"/>
	<bean id="apiServices" class="no.systema.jservices.tvinn.expressfortolling.api.ApiServices"/>
	<bean id="authorization" class="no.systema.jservices.tvinn.expressfortolling.api.Authorization"/>

</beans>